<?xml version="1.0" encoding="UTF-8"?>
<!-- Generated by org.testng.reporters.JUnitXMLReporter -->
<testsuite ignored="0" hostname="LAPTOP-DP" failures="0" tests="3" name="Character Tests" time="3.998" errors="0" timestamp="2025-01-31T14:21:47 MST">
  <testcase classname="backend.rickandmorty.character.CharacterEndpointTest" name="testGetCharacterResponseHeaders" time="2.072"/>
  <testcase classname="backend.rickandmorty.character.CharacterEndpointTest" name="testGetCharacterResponsePayload" time="1.024"/>
  <testcase classname="backend.rickandmorty.character.CharacterEndpointTest" name="testGetCharacterStatusCode" time="0.146"/>
</testsuite> <!-- Character Tests -->
