<?xml version="1.0" encoding="UTF-8"?>
<testng-results ignored="0" total="5" passed="5" failed="0" skipped="0">
  <reporter-output>
  </reporter-output>
  <suite started-at="2025-01-31T14:21:43 MST" name="Rick and Morty API Test Suite" finished-at="2025-01-31T14:21:48 MST" duration-ms="4884">
    <groups>
    </groups>
    <test started-at="2025-01-31T14:21:43 MST" name="Character Tests" finished-at="2025-01-31T14:21:47 MST" duration-ms="3998">
      <class name="backend.rickandmorty.character.CharacterEndpointTest">
        <test-method is-config="true" signature="setup()[pri:0, instance:backend.rickandmorty.character.CharacterEndpointTest@71809907]" started-at="2025-01-31T14:21:43 MST" name="setup" finished-at="2025-01-31T14:21:44 MST" duration-ms="718" status="PASS">
          <reporter-output>
          </reporter-output>
        </test-method> <!-- setup -->
        <test-method signature="testGetCharacterResponseHeaders()[pri:0, instance:backend.rickandmorty.character.CharacterEndpointTest@71809907]" started-at="2025-01-31T14:21:44 MST" name="testGetCharacterResponseHeaders" finished-at="2025-01-31T14:21:46 MST" duration-ms="2072" status="PASS">
          <reporter-output>
          </reporter-output>
        </test-method> <!-- testGetCharacterResponseHeaders -->
        <test-method signature="testGetCharacterResponsePayload()[pri:0, instance:backend.rickandmorty.character.CharacterEndpointTest@71809907]" started-at="2025-01-31T14:21:46 MST" name="testGetCharacterResponsePayload" finished-at="2025-01-31T14:21:47 MST" duration-ms="1024" status="PASS">
          <reporter-output>
          </reporter-output>
        </test-method> <!-- testGetCharacterResponsePayload -->
        <test-method signature="testGetCharacterStatusCode()[pri:0, instance:backend.rickandmorty.character.CharacterEndpointTest@71809907]" started-at="2025-01-31T14:21:47 MST" name="testGetCharacterStatusCode" finished-at="2025-01-31T14:21:47 MST" duration-ms="146" status="PASS">
          <reporter-output>
          </reporter-output>
        </test-method> <!-- testGetCharacterStatusCode -->
      </class> <!-- backend.rickandmorty.character.CharacterEndpointTest -->
    </test> <!-- Character Tests -->
    <test started-at="2025-01-31T14:21:47 MST" name="Episode Tests" finished-at="2025-01-31T14:21:48 MST" duration-ms="257">
      <class name="backend.rickandmorty.episode.EpisodeEndpointTest">
        <test-method is-config="true" signature="setup()[pri:0, instance:backend.rickandmorty.episode.EpisodeEndpointTest@7e07db1f]" started-at="2025-01-31T14:21:47 MST" name="setup" finished-at="2025-01-31T14:21:47 MST" duration-ms="4" status="PASS">
          <reporter-output>
          </reporter-output>
        </test-method> <!-- setup -->
        <test-method signature="testGetEpisodeDetails()[pri:0, instance:backend.rickandmorty.episode.EpisodeEndpointTest@7e07db1f]" started-at="2025-01-31T14:21:47 MST" name="testGetEpisodeDetails" finished-at="2025-01-31T14:21:48 MST" duration-ms="252" status="PASS">
          <reporter-output>
          </reporter-output>
        </test-method> <!-- testGetEpisodeDetails -->
      </class> <!-- backend.rickandmorty.episode.EpisodeEndpointTest -->
    </test> <!-- Episode Tests -->
    <test started-at="2025-01-31T14:21:48 MST" name="Location Tests" finished-at="2025-01-31T14:21:48 MST" duration-ms="588">
      <class name="backend.rickandmorty.location.LocationEndpointTest">
        <test-method is-config="true" signature="setup()[pri:0, instance:backend.rickandmorty.location.LocationEndpointTest@16d04d3d]" started-at="2025-01-31T14:21:48 MST" name="setup" finished-at="2025-01-31T14:21:48 MST" duration-ms="1" status="PASS">
          <reporter-output>
          </reporter-output>
        </test-method> <!-- setup -->
        <test-method signature="testGetLocationDetails()[pri:0, instance:backend.rickandmorty.location.LocationEndpointTest@16d04d3d]" started-at="2025-01-31T14:21:48 MST" name="testGetLocationDetails" finished-at="2025-01-31T14:21:48 MST" duration-ms="586" status="PASS">
          <reporter-output>
          </reporter-output>
        </test-method> <!-- testGetLocationDetails -->
      </class> <!-- backend.rickandmorty.location.LocationEndpointTest -->
    </test> <!-- Location Tests -->
  </suite> <!-- Rick and Morty API Test Suite -->
</testng-results>
