<?xml version="1.0" encoding="UTF-8"?>
<testsuite xmlns:xsi="http://www.w3.org/2001/XMLSchema-instance" xsi:noNamespaceSchemaLocation="https://maven.apache.org/surefire/maven-surefire-plugin/xsd/surefire-test-report-3.0.xsd" version="3.0" name="TestSuite" time="5.635" tests="5" errors="0" skipped="0" failures="0">
  <properties>
[...]
</properties>
  <testcase name="testGetCharacterResponseHeaders" classname="backend.rickandmorty.character.CharacterEndpointTest" time="2.072">
    <system-err><![CDATA[SLF4J: Failed to load class "org.slf4j.impl.StaticLoggerBinder".
SLF4J: Defaulting to no-operation (NOP) logger implementation
SLF4J: See http://www.slf4j.org/codes.html#StaticLoggerBinder for further details.
]]></system-err>
  </testcase>
  <testcase name="testGetCharacterResponsePayload" classname="backend.rickandmorty.character.CharacterEndpointTest" time="1.02"/>
  <testcase name="testGetCharacterStatusCode" classname="backend.rickandmorty.character.CharacterEndpointTest" time="0.145"/>
  <testcase name="testGetEpisodeDetails" classname="backend.rickandmorty.episode.EpisodeEndpointTest" time="0.252"/>
  <testcase name="testGetLocationDetails" classname="backend.rickandmorty.location.LocationEndpointTest" time="0.585"/>
</testsuite>